<?xml version="1.0" encoding="UTF-8"?>
<!-- Generated by org.testng.reporters.JUnitReportReporter -->
<testsuite name="MAX.SeleniumHQJUNIT" tests="1" time="26.897" ignored="0" failures="0" timestamp="06 Feb 2017 14:49:33 GMT" skipped="0" hostname="WKSP00075683" errors="0">
  <testcase name="valid_UserCredential" time="26.897" classname="MAX.SeleniumHQJUNIT"/>
</testsuite> <!-- MAX.SeleniumHQJUNIT -->
