<?xml version="1.0" encoding="UTF-8"?>
<!-- Generated by org.testng.reporters.JUnitReportReporter -->
<testsuite name="MAX.SeleniumTests" tests="1" time="2.152" ignored="0" failures="0" timestamp="03 Feb 2017 05:54:03 GMT" skipped="0" hostname="WKSP00075683" errors="0">
  <testcase name="max" time="2.152" classname="MAX.SeleniumTests"/>
</testsuite> <!-- MAX.SeleniumTests -->
