<?xml version="1.0" encoding="UTF-8"?>
<!-- Generated by org.testng.reporters.JUnitReportReporter -->
<testsuite name="MAX.SeleniumHQ" tests="1" time="99.701" ignored="0" failures="0" timestamp="06 Feb 2017 14:49:33 GMT" skipped="0" hostname="WKSP00075683" errors="0">
  <testcase name="testEasy" time="99.701" classname="MAX.SeleniumHQ"/>
</testsuite> <!-- MAX.SeleniumHQ -->
